[INFO  - 2018-09-02T08:25:47.006Z] GhostDriver - Main - running on port 41263
[INFO  - 2018-09-02T08:25:47.958Z] Session [cb4f6210-ae89-11e8-b3b4-07afebfb73b8] - page.settings - {"XSSAuditingEnabled":false,"javascriptCanCloseWindows":true,"javascriptCanOpenWindows":true,"javascriptEnabled":true,"loadImages":true,"localToRemoteUrlAccessEnabled":false,"userAgent":"Mozilla/5.0 (Unknown; Linux x86_64) AppleWebKit/538.1 (KHTML, like Gecko) PhantomJS/2.1.1 Safari/538.1","webSecurityEnabled":true}
[INFO  - 2018-09-02T08:25:47.958Z] Session [cb4f6210-ae89-11e8-b3b4-07afebfb73b8] - page.customHeaders:  - {}
[INFO  - 2018-09-02T08:25:47.959Z] Session [cb4f6210-ae89-11e8-b3b4-07afebfb73b8] - Session.negotiatedCapabilities - {"browserName":"phantomjs","version":"2.1.1","driverName":"ghostdriver","driverVersion":"1.2.0","platform":"linux-unknown-64bit","javascriptEnabled":true,"takesScreenshot":true,"handlesAlerts":false,"databaseEnabled":false,"locationContextEnabled":false,"applicationCacheEnabled":false,"browserConnectionEnabled":false,"cssSelectorsEnabled":true,"webStorageEnabled":false,"rotatable":false,"acceptSslCerts":false,"nativeEvents":true,"proxy":{"proxyType":"direct"}}
[INFO  - 2018-09-02T08:25:47.959Z] SessionManagerReqHand - _postNewSessionCommand - New Session Created: cb4f6210-ae89-11e8-b3b4-07afebfb73b8
[ERROR - 2018-09-02T08:25:50.123Z] Session [cb4f6210-ae89-11e8-b3b4-07afebfb73b8] - page.onError - msg: TypeError: null is not an object (evaluating 'da_ua.match(/Version\/([0-9\.]+)/i)[1]')

  phantomjs://platform/console++.js:263 in error
[ERROR - 2018-09-02T08:25:50.124Z] Session [cb4f6210-ae89-11e8-b3b4-07afebfb73b8] - page.onError - stack:
  searchBrowserVersion (https://ssl.pstatic.net/tveta/libs/assets/js/pc/main/min/pc.veta.core.min.js?20170807:1)
  init (https://ssl.pstatic.net/tveta/libs/assets/js/pc/main/min/pc.veta.core.min.js?20170807:1)

  phantomjs://platform/console++.js:263 in error
[ERROR - 2018-09-02T08:25:50.147Z] Session [cb4f6210-ae89-11e8-b3b4-07afebfb73b8] - page.onError - msg: TypeError: null is not an object (evaluating 'da_ua.match(/Version\/([0-9\.]+)/i)[1]')

  phantomjs://platform/console++.js:263 in error
[ERROR - 2018-09-02T08:25:50.148Z] Session [cb4f6210-ae89-11e8-b3b4-07afebfb73b8] - page.onError - stack:
  searchBrowserVersion (https://ssl.pstatic.net/tveta/libs/assets/js/pc/main/min/pc.veta.core.min.js?20170222:1)
  init (https://ssl.pstatic.net/tveta/libs/assets/js/pc/main/min/pc.veta.core.min.js?20170222:1)

  phantomjs://platform/console++.js:263 in error
[ERROR - 2018-09-02T08:25:50.167Z] Session [cb4f6210-ae89-11e8-b3b4-07afebfb73b8] - page.onError - msg: TypeError: null is not an object (evaluating 'da_ua.match(/Version\/([0-9\.]+)/i)[1]')

  phantomjs://platform/console++.js:263 in error
[ERROR - 2018-09-02T08:25:50.169Z] Session [cb4f6210-ae89-11e8-b3b4-07afebfb73b8] - page.onError - stack:
  searchBrowserVersion (https://ssl.pstatic.net/tveta/libs/assets/js/pc/main/min/pc.veta.core.min.js?20180328:1)
  init (https://ssl.pstatic.net/tveta/libs/assets/js/pc/main/min/pc.veta.core.min.js?20180328:1)

  phantomjs://platform/console++.js:263 in error
[ERROR - 2018-09-02T08:25:50.182Z] Session [cb4f6210-ae89-11e8-b3b4-07afebfb73b8] - page.onError - msg: TypeError: undefined is not a function (evaluating 'naver_corp_da.loadScript')

  phantomjs://platform/console++.js:263 in error
[ERROR - 2018-09-02T08:25:50.183Z] Session [cb4f6210-ae89-11e8-b3b4-07afebfb73b8] - page.onError - stack:
  loadScripts (https://nv.veta.naver.com/fxshow?su=SU10079&nrefreshx=0:61)
  lazyLoading (https://nv.veta.naver.com/fxshow?su=SU10079&nrefreshx=0:44)
  onload (https://nv.veta.naver.com/fxshow?su=SU10079&nrefreshx=0:20)

  phantomjs://platform/console++.js:263 in error
[ERROR - 2018-09-02T08:25:50.252Z] Session [cb4f6210-ae89-11e8-b3b4-07afebfb73b8] - page.onError - msg: TypeError: undefined is not a constructor (evaluating 'new Nimp')

  phantomjs://platform/console++.js:263 in error
[ERROR - 2018-09-02T08:25:50.256Z] Session [cb4f6210-ae89-11e8-b3b4-07afebfb73b8] - page.onError - stack:
  initAd (https://nv.veta.naver.com/fxshow?su=SU10078&nrefreshx=0:89)
  lazyLoading (https://nv.veta.naver.com/fxshow?su=SU10078&nrefreshx=0:84)
  onload (https://nv.veta.naver.com/fxshow?su=SU10078&nrefreshx=0:73)

  phantomjs://platform/console++.js:263 in error
[ERROR - 2018-09-02T08:25:50.380Z] Session [cb4f6210-ae89-11e8-b3b4-07afebfb73b8] - page.onError - msg: TypeError: null is not an object (evaluating 'da_ua.match(/Version\/([0-9\.]+)/i)[1]')

  phantomjs://platform/console++.js:263 in error
[ERROR - 2018-09-02T08:25:50.381Z] Session [cb4f6210-ae89-11e8-b3b4-07afebfb73b8] - page.onError - stack:
  searchBrowserVersion (https://ssl.pstatic.net/tveta/libs/assets/js/pc/main/min/pc.veta.core.min.js?20180330:1)
  init (https://ssl.pstatic.net/tveta/libs/assets/js/pc/main/min/pc.veta.core.min.js?20180330:1)

  phantomjs://platform/console++.js:263 in error
